<?xml version="1.0" encoding="UTF-8"?>
<!-- Generated by org.testng.reporters.JUnitReportReporter -->
<testsuite hostname="IN-PG02CJ07" failures="0" tests="3" name="TestPages.BaseTest2" time="4.247" errors="0" timestamp="2023-10-09T10:40:45 IST" skipped="0">
  <testcase classname="TestPages.BaseTest2" name="testDeleteBooking" time="1.450"/>
  <testcase classname="TestPages.BaseTest2" name="testPartialUpdateBooking" time="1.416"/>
  <testcase classname="TestPages.BaseTest2" name="testAddBooking" time="1.381"/>
</testsuite> <!-- TestPages.BaseTest2 -->
