<?xml version="1.0" encoding="UTF-8"?>
<!-- Generated by org.testng.reporters.JUnitReportReporter -->
<testsuite hostname="IN-PG02CJ07" failures="0" tests="3" name="TestPages.BaseTest" time="6.450" errors="0" timestamp="2023-10-09T10:40:45 IST" skipped="0">
  <testcase classname="TestPages.BaseTest" name="testAddBooking" time="3.510"/>
  <testcase classname="TestPages.BaseTest" name="testUpdateBooking" time="1.463"/>
  <testcase classname="TestPages.BaseTest" name="testGetBooking" time="1.477"/>
</testsuite> <!-- TestPages.BaseTest -->
