<?xml version="1.0" encoding="UTF-8"?>
<!-- Generated by org.testng.reporters.JUnitReportReporter -->
<testsuite hostname="IN-PG02CJ07" failures="0" tests="3" name="TestPages.BaseTest" time="8.240" errors="0" timestamp="2023-10-09T11:05:12 IST" skipped="0">
  <testcase classname="TestPages.BaseTest" name="testUpdateBooking" time="1.648"/>
  <testcase classname="TestPages.BaseTest" name="testAddBooking" time="4.917"/>
  <testcase classname="TestPages.BaseTest" name="testGetBooking" time="1.675"/>
</testsuite> <!-- TestPages.BaseTest -->
